Flow report for Lab2_KB
Mon Sep 11 16:23:58 2023
Quartus II 64-Bit Version 13.0.1 Build 232 06/12/2013 Service Pack 1 SJ Full Version


---------------------
; Table of Contents ;
---------------------
  1. Legal Notice
  2. Flow Summary
  3. Flow Settings
  4. Flow Non-Default Global Settings
  5. Flow Elapsed Time
  6. Flow OS Summary
  7. Flow Log
  8. Flow Messages
  9. Flow Suppressed Messages



----------------
; Legal Notice ;
----------------
Copyright (C) 1991-2013 Altera Corporation
Your use of Altera Corporation's design tools, logic functions 
and other software and tools, and its AMPP partner logic 
functions, and any output files from any of the foregoing 
(including device programming or simulation files), and any 
associated documentation or information are expressly subject 
to the terms and conditions of the Altera Program License 
Subscription Agreement, Altera MegaCore Function License 
Agreement, or other applicable license agreement, including, 
without limitation, that your use is for the sole purpose of 
programming logic devices manufactured by Altera and sold by 
Altera or its authorized distributors.  Please refer to the 
applicable agreement for further details.



+---------------------------------------------------------------------------------------+
; Flow Summary                                                                          ;
+------------------------------------+--------------------------------------------------+
; Flow Status                        ; Successful - Mon Sep 11 16:23:58 2023            ;
; Quartus II 64-Bit Version          ; 13.0.1 Build 232 06/12/2013 SP 1 SJ Full Version ;
; Revision Name                      ; Lab2_KB                                          ;
; Top-level Entity Name              ; Lab2_KB                                          ;
; Family                             ; Cyclone IV E                                     ;
; Device                             ; EP4CE115F29C7                                    ;
; Timing Models                      ; Final                                            ;
; Total logic elements               ; 56 / 114,480 ( < 1 % )                           ;
;     Total combinational functions  ; 53 / 114,480 ( < 1 % )                           ;
;     Dedicated logic registers      ; 25 / 114,480 ( < 1 % )                           ;
; Total registers                    ; 25                                               ;
; Total pins                         ; 35 / 529 ( 7 % )                                 ;
; Total virtual pins                 ; 0                                                ;
; Total memory bits                  ; 0 / 3,981,312 ( 0 % )                            ;
; Embedded Multiplier 9-bit elements ; 0 / 532 ( 0 % )                                  ;
; Total PLLs                         ; 0 / 4 ( 0 % )                                    ;
+------------------------------------+--------------------------------------------------+


+-----------------------------------------+
; Flow Settings                           ;
+-------------------+---------------------+
; Option            ; Setting             ;
+-------------------+---------------------+
; Start date & time ; 09/11/2023 16:22:59 ;
; Main task         ; Compilation         ;
; Revision Name     ; Lab2_KB             ;
+-------------------+---------------------+


+----------------------------------------------------------------------------------------------------------------------+
; Flow Non-Default Global Settings                                                                                     ;
+-------------------------------------+---------------------------------+---------------+-------------+----------------+
; Assignment Name                     ; Value                           ; Default Value ; Entity Name ; Section Id     ;
+-------------------------------------+---------------------------------+---------------+-------------+----------------+
; COMPILER_SIGNATURE_ID               ; 193569099818790.169444217913692 ; --            ; --          ; --             ;
; EDA_OUTPUT_DATA_FORMAT              ; Vhdl                            ; --            ; --          ; eda_simulation ;
; EDA_SIMULATION_TOOL                 ; ModelSim (VHDL)                 ; <None>        ; --          ; --             ;
; EDA_TIME_SCALE                      ; 1 ps                            ; --            ; --          ; eda_simulation ;
; MAX_CORE_JUNCTION_TEMP              ; 85                              ; --            ; --          ; --             ;
; MIN_CORE_JUNCTION_TEMP              ; 0                               ; --            ; --          ; --             ;
; NOMINAL_CORE_SUPPLY_VOLTAGE         ; 1.2V                            ; --            ; --          ; --             ;
; PARTITION_COLOR                     ; 16764057                        ; --            ; --          ; Top            ;
; PARTITION_FITTER_PRESERVATION_LEVEL ; PLACEMENT_AND_ROUTING           ; --            ; --          ; Top            ;
; PARTITION_NETLIST_TYPE              ; SOURCE                          ; --            ; --          ; Top            ;
; PROJECT_OUTPUT_DIRECTORY            ; output_files                    ; --            ; --          ; --             ;
+-------------------------------------+---------------------------------+---------------+-------------+----------------+


+-------------------------------------------------------------------------------------------------------------------------------+
; Flow Elapsed Time                                                                                                             ;
+---------------------------+--------------+-------------------------+---------------------+------------------------------------+
; Module Name               ; Elapsed Time ; Average Processors Used ; Peak Virtual Memory ; Total CPU Time (on all processors) ;
+---------------------------+--------------+-------------------------+---------------------+------------------------------------+
; Analysis & Synthesis      ; 00:00:05     ; 1.0                     ; 4672 MB             ; 00:00:02                           ;
; Fitter                    ; 00:00:22     ; 1.3                     ; 5681 MB             ; 00:00:22                           ;
; Assembler                 ; 00:00:07     ; 1.0                     ; 4560 MB             ; 00:00:05                           ;
; TimeQuest Timing Analyzer ; 00:00:08     ; 1.0                     ; 4684 MB             ; 00:00:03                           ;
; EDA Netlist Writer        ; 00:00:03     ; 1.0                     ; 4520 MB             ; 00:00:01                           ;
; Total                     ; 00:00:45     ; --                      ; --                  ; 00:00:33                           ;
+---------------------------+--------------+-------------------------+---------------------+------------------------------------+


+----------------------------------------------------------------------------------------+
; Flow OS Summary                                                                        ;
+---------------------------+------------------+-----------+------------+----------------+
; Module Name               ; Machine Hostname ; OS Name   ; OS Version ; Processor type ;
+---------------------------+------------------+-----------+------------+----------------+
; Analysis & Synthesis      ; MUXEN4-212       ; Windows 7 ; 6.2        ; x86_64         ;
; Fitter                    ; MUXEN4-212       ; Windows 7 ; 6.2        ; x86_64         ;
; Assembler                 ; MUXEN4-212       ; Windows 7 ; 6.2        ; x86_64         ;
; TimeQuest Timing Analyzer ; MUXEN4-212       ; Windows 7 ; 6.2        ; x86_64         ;
; EDA Netlist Writer        ; MUXEN4-212       ; Windows 7 ; 6.2        ; x86_64         ;
+---------------------------+------------------+-----------+------------+----------------+


------------
; Flow Log ;
------------
quartus_map --read_settings_files=on --write_settings_files=off Lab2_KB -c Lab2_KB
quartus_fit --read_settings_files=off --write_settings_files=off Lab2_KB -c Lab2_KB
quartus_asm --read_settings_files=off --write_settings_files=off Lab2_KB -c Lab2_KB
quartus_sta Lab2_KB -c Lab2_KB
quartus_eda --read_settings_files=off --write_settings_files=off Lab2_KB -c Lab2_KB



