Flow report for my_xor
Thu Aug 31 16:24:10 2023
Quartus II 64-Bit Version 13.0.1 Build 232 06/12/2013 Service Pack 1 SJ Full Version


---------------------
; Table of Contents ;
---------------------
  1. Legal Notice
  2. Flow Summary
  3. Flow Settings
  4. Flow Non-Default Global Settings
  5. Flow Elapsed Time
  6. Flow OS Summary
  7. Flow Log
  8. Flow Messages
  9. Flow Suppressed Messages



----------------
; Legal Notice ;
----------------
Copyright (C) 1991-2013 Altera Corporation
Your use of Altera Corporation's design tools, logic functions 
and other software and tools, and its AMPP partner logic 
functions, and any output files from any of the foregoing 
(including device programming or simulation files), and any 
associated documentation or information are expressly subject 
to the terms and conditions of the Altera Program License 
Subscription Agreement, Altera MegaCore Function License 
Agreement, or other applicable license agreement, including, 
without limitation, that your use is for the sole purpose of 
programming logic devices manufactured by Altera and sold by 
Altera or its authorized distributors.  Please refer to the 
applicable agreement for further details.



+---------------------------------------------------------------------------------------+
; Flow Summary                                                                          ;
+------------------------------------+--------------------------------------------------+
; Flow Status                        ; Successful - Thu Aug 31 16:24:10 2023            ;
; Quartus II 64-Bit Version          ; 13.0.1 Build 232 06/12/2013 SP 1 SJ Full Version ;
; Revision Name                      ; my_xor                                           ;
; Top-level Entity Name              ; my_xor_schematic                                 ;
; Family                             ; Cyclone IV E                                     ;
; Device                             ; EP4CE115F29C7                                    ;
; Timing Models                      ; Final                                            ;
; Total logic elements               ; 1 / 114,480 ( < 1 % )                            ;
;     Total combinational functions  ; 1 / 114,480 ( < 1 % )                            ;
;     Dedicated logic registers      ; 0 / 114,480 ( 0 % )                              ;
; Total registers                    ; 0                                                ;
; Total pins                         ; 3 / 529 ( < 1 % )                                ;
; Total virtual pins                 ; 0                                                ;
; Total memory bits                  ; 0 / 3,981,312 ( 0 % )                            ;
; Embedded Multiplier 9-bit elements ; 0 / 532 ( 0 % )                                  ;
; Total PLLs                         ; 0 / 4 ( 0 % )                                    ;
+------------------------------------+--------------------------------------------------+


+-----------------------------------------+
; Flow Settings                           ;
+-------------------+---------------------+
; Option            ; Setting             ;
+-------------------+---------------------+
; Start date & time ; 08/31/2023 16:23:23 ;
; Main task         ; Compilation         ;
; Revision Name     ; my_xor              ;
+-------------------+---------------------+


+---------------------------------------------------------------------------------------------------------------------------+
; Flow Non-Default Global Settings                                                                                          ;
+-------------------------------------+---------------------------------+---------------+------------------+----------------+
; Assignment Name                     ; Value                           ; Default Value ; Entity Name      ; Section Id     ;
+-------------------------------------+---------------------------------+---------------+------------------+----------------+
; COMPILER_SIGNATURE_ID               ; 193569099819937.169349180308720 ; --            ; --               ; --             ;
; EDA_OUTPUT_DATA_FORMAT              ; Vhdl                            ; --            ; --               ; eda_simulation ;
; EDA_SIMULATION_TOOL                 ; ModelSim (VHDL)                 ; <None>        ; --               ; --             ;
; EDA_TIME_SCALE                      ; 1 ps                            ; --            ; --               ; eda_simulation ;
; MAX_CORE_JUNCTION_TEMP              ; 85                              ; --            ; --               ; --             ;
; MIN_CORE_JUNCTION_TEMP              ; 0                               ; --            ; --               ; --             ;
; NOMINAL_CORE_SUPPLY_VOLTAGE         ; 1.2V                            ; --            ; --               ; --             ;
; PARTITION_COLOR                     ; 16764057                        ; --            ; my_xor_schematic ; Top            ;
; PARTITION_FITTER_PRESERVATION_LEVEL ; PLACEMENT_AND_ROUTING           ; --            ; my_xor_schematic ; Top            ;
; PARTITION_NETLIST_TYPE              ; SOURCE                          ; --            ; my_xor_schematic ; Top            ;
; PROJECT_OUTPUT_DIRECTORY            ; output_files                    ; --            ; --               ; --             ;
; TOP_LEVEL_ENTITY                    ; my_xor_schematic                ; my_xor        ; --               ; --             ;
+-------------------------------------+---------------------------------+---------------+------------------+----------------+


+-------------------------------------------------------------------------------------------------------------------------------+
; Flow Elapsed Time                                                                                                             ;
+---------------------------+--------------+-------------------------+---------------------+------------------------------------+
; Module Name               ; Elapsed Time ; Average Processors Used ; Peak Virtual Memory ; Total CPU Time (on all processors) ;
+---------------------------+--------------+-------------------------+---------------------+------------------------------------+
; Analysis & Synthesis      ; 00:00:04     ; 1.0                     ; 4674 MB             ; 00:00:02                           ;
; Fitter                    ; 00:00:18     ; 2.0                     ; 5660 MB             ; 00:00:18                           ;
; Assembler                 ; 00:00:08     ; 1.0                     ; 4561 MB             ; 00:00:06                           ;
; TimeQuest Timing Analyzer ; 00:00:06     ; 1.0                     ; 4685 MB             ; 00:00:03                           ;
; EDA Netlist Writer        ; 00:00:02     ; 1.0                     ; 4526 MB             ; 00:00:01                           ;
; Total                     ; 00:00:38     ; --                      ; --                  ; 00:00:30                           ;
+---------------------------+--------------+-------------------------+---------------------+------------------------------------+


+----------------------------------------------------------------------------------------+
; Flow OS Summary                                                                        ;
+---------------------------+------------------+-----------+------------+----------------+
; Module Name               ; Machine Hostname ; OS Name   ; OS Version ; Processor type ;
+---------------------------+------------------+-----------+------------+----------------+
; Analysis & Synthesis      ; MUXEN4-205       ; Windows 7 ; 6.2        ; x86_64         ;
; Fitter                    ; MUXEN4-205       ; Windows 7 ; 6.2        ; x86_64         ;
; Assembler                 ; MUXEN4-205       ; Windows 7 ; 6.2        ; x86_64         ;
; TimeQuest Timing Analyzer ; MUXEN4-205       ; Windows 7 ; 6.2        ; x86_64         ;
; EDA Netlist Writer        ; MUXEN4-205       ; Windows 7 ; 6.2        ; x86_64         ;
+---------------------------+------------------+-----------+------------+----------------+


------------
; Flow Log ;
------------
quartus_map --read_settings_files=on --write_settings_files=off my_xor -c my_xor
quartus_fit --read_settings_files=off --write_settings_files=off my_xor -c my_xor
quartus_asm --read_settings_files=off --write_settings_files=off my_xor -c my_xor
quartus_sta my_xor -c my_xor
quartus_eda --read_settings_files=off --write_settings_files=off my_xor -c my_xor



